<?xml version="1.0" encoding="UTF-8"?>
<!-- Generated by org.testng.reporters.JUnitXMLReporter -->
<testsuite ignored="0" hostname="ANIRBANs-MacBook-Air.local" failures="0" tests="4" name="Default test" time="1.894" errors="0" timestamp="2026-04-18T22:08:28 IST">
  <testcase classname="DataDriven.ExcelDataProvider.dataDriven" name="testCaseData" time="0.032"/>
  <testcase classname="DataDriven.ExcelDataProvider.dataDriven" name="testCaseData" time="0.002"/>
  <testcase classname="DataDriven.ExcelDataProvider.dataDriven" name="testCaseData" time="0.003"/>
  <testcase classname="DataDriven.ExcelDataProvider.dataDriven" name="testCaseData" time="0.003"/>
</testsuite> <!-- Default test -->
