<?xml version="1.0" encoding="UTF-8"?>
<testng-results ignored="0" total="4" passed="4" failed="0" skipped="0">
  <reporter-output>
  </reporter-output>
  <suite started-at="2026-04-04T20:41:42 IST" name="Default suite" finished-at="2026-04-04T20:41:44 IST" duration-ms="1714">
    <groups>
    </groups>
    <test started-at="2026-04-04T20:41:42 IST" name="Default test" finished-at="2026-04-04T20:41:44 IST" duration-ms="1714">
      <class name="DataDriven.ExcelDataProvider.dataDriven">
        <test-method signature="testCaseData(java.lang.String,java.lang.String,java.lang.String,java.lang.String)[pri:0, instance:DataDriven.ExcelDataProvider.dataDriven@515aebb0]" started-at="2026-04-04T20:41:44 IST" name="testCaseData" data-provider="ExcelData" finished-at="2026-04-04T20:41:44 IST" duration-ms="24" status="PASS">
          <params>
            <param index="0">
              <value>
                <![CDATA[login]]>
              </value>
            </param>
            <param index="1">
              <value>
                <![CDATA[a]]>
              </value>
            </param>
            <param index="2">
              <value>
                <![CDATA[1]]>
              </value>
            </param>
            <param index="3">
              <value>
                <![CDATA[c]]>
              </value>
            </param>
          </params>
          <reporter-output>
          </reporter-output>
        </test-method> <!-- testCaseData -->
        <test-method signature="testCaseData(java.lang.String,java.lang.String,java.lang.String,java.lang.String)[pri:0, instance:DataDriven.ExcelDataProvider.dataDriven@515aebb0]" started-at="2026-04-04T20:41:44 IST" name="testCaseData" data-provider="ExcelData" finished-at="2026-04-04T20:41:44 IST" duration-ms="2" status="PASS">
          <params>
            <param index="0">
              <value>
                <![CDATA[purchase]]>
              </value>
            </param>
            <param index="1">
              <value>
                <![CDATA[potato]]>
              </value>
            </param>
            <param index="2">
              <value>
                <![CDATA[2]]>
              </value>
            </param>
            <param index="3">
              <value>
                <![CDATA[brinjal]]>
              </value>
            </param>
          </params>
          <reporter-output>
          </reporter-output>
        </test-method> <!-- testCaseData -->
        <test-method signature="testCaseData(java.lang.String,java.lang.String,java.lang.String,java.lang.String)[pri:0, instance:DataDriven.ExcelDataProvider.dataDriven@515aebb0]" started-at="2026-04-04T20:41:44 IST" name="testCaseData" data-provider="ExcelData" finished-at="2026-04-04T20:41:44 IST" duration-ms="1" status="PASS">
          <params>
            <param index="0">
              <value>
                <![CDATA[Add profile]]>
              </value>
            </param>
            <param index="1">
              <value>
                <![CDATA[beginner]]>
              </value>
            </param>
            <param index="2">
              <value>
                <![CDATA[3]]>
              </value>
            </param>
            <param index="3">
              <value>
                <![CDATA[expert]]>
              </value>
            </param>
          </params>
          <reporter-output>
          </reporter-output>
        </test-method> <!-- testCaseData -->
        <test-method signature="testCaseData(java.lang.String,java.lang.String,java.lang.String,java.lang.String)[pri:0, instance:DataDriven.ExcelDataProvider.dataDriven@515aebb0]" started-at="2026-04-04T20:41:44 IST" name="testCaseData" data-provider="ExcelData" finished-at="2026-04-04T20:41:44 IST" duration-ms="4" status="PASS">
          <params>
            <param index="0">
              <value>
                <![CDATA[Delete profile]]>
              </value>
            </param>
            <param index="1">
              <value>
                <![CDATA[Newbie]]>
              </value>
            </param>
            <param index="2">
              <value>
                <![CDATA[4]]>
              </value>
            </param>
            <param index="3">
              <value>
                <![CDATA[Legend]]>
              </value>
            </param>
          </params>
          <reporter-output>
          </reporter-output>
        </test-method> <!-- testCaseData -->
      </class> <!-- DataDriven.ExcelDataProvider.dataDriven -->
    </test> <!-- Default test -->
  </suite> <!-- Default suite -->
</testng-results>
