<?xml version="1.0" encoding="UTF-8"?>
<!-- Generated by org.testng.reporters.JUnitReportReporter -->
<testsuite hostname="ANIRBANs-MacBook-Air.local" failures="0" tests="4" name="DataDriven.ExcelDataProvider.dataDriven" time="0.040" errors="0" timestamp="2026-04-18T22:08:28 IST" skipped="0">
  <testcase classname="DataDriven.ExcelDataProvider.dataDriven" name="testCaseData" time="0.003"/>
  <testcase classname="DataDriven.ExcelDataProvider.dataDriven" name="testCaseData" time="0.003"/>
  <testcase classname="DataDriven.ExcelDataProvider.dataDriven" name="testCaseData" time="0.032"/>
  <testcase classname="DataDriven.ExcelDataProvider.dataDriven" name="testCaseData" time="0.002"/>
</testsuite> <!-- DataDriven.ExcelDataProvider.dataDriven -->
