<?xml version="1.0" encoding="UTF-8"?>
<!-- Generated by org.testng.reporters.JUnitReportReporter -->
<testsuite hostname="ANIRBANs-MacBook-Air.local" failures="0" tests="4" name="DataDriven.ExcelDataProvider.dataDriven" time="0.031" errors="0" timestamp="2026-04-04T20:41:45 IST" skipped="0">
  <testcase classname="DataDriven.ExcelDataProvider.dataDriven" name="testCaseData" time="0.004"/>
  <testcase classname="DataDriven.ExcelDataProvider.dataDriven" name="testCaseData" time="0.024"/>
  <testcase classname="DataDriven.ExcelDataProvider.dataDriven" name="testCaseData" time="0.001"/>
  <testcase classname="DataDriven.ExcelDataProvider.dataDriven" name="testCaseData" time="0.002"/>
</testsuite> <!-- DataDriven.ExcelDataProvider.dataDriven -->
